<?xml version="1.0" encoding="UTF-8"?>
<testng-results skipped="0" failed="0" total="1" passed="1">
  <reporter-output>
  </reporter-output>
  <suite name="Default suite" duration-ms="11263" started-at="2019-06-07T04:12:36Z" finished-at="2019-06-07T04:12:47Z">
    <groups>
    </groups>
    <test name="Default test" duration-ms="11263" started-at="2019-06-07T04:12:36Z" finished-at="2019-06-07T04:12:47Z">
      <class name="com.selenium.Selenium_New">
        <test-method status="PASS" signature="sample()[pri:0, instance:com.selenium.Selenium_New@4520ebad]" name="sample" duration-ms="11235" started-at="2019-06-07T00:12:36Z" finished-at="2019-06-07T00:12:47Z">
          <reporter-output>
          </reporter-output>
        </test-method> <!-- sample -->
      </class> <!-- com.selenium.Selenium_New -->
    </test> <!-- Default test -->
  </suite> <!-- Default suite -->
</testng-results>
