<?xml version="1.0" encoding="UTF-8"?>
<testng-results skipped="0" failed="0" total="1" passed="1">
  <reporter-output>
  </reporter-output>
  <suite name="Default suite" duration-ms="17402" started-at="2019-05-06T20:19:17Z" finished-at="2019-05-06T20:19:34Z">
    <groups>
    </groups>
    <test name="Default test" duration-ms="17402" started-at="2019-05-06T20:19:17Z" finished-at="2019-05-06T20:19:34Z">
      <class name="com.SeleniumLearning.Selenium">
        <test-method status="PASS" signature="driverInit()[pri:0, instance:com.SeleniumLearning.Selenium@2b98378d]" name="driverInit" is-config="true" duration-ms="7309" started-at="2019-05-06T16:19:17Z" finished-at="2019-05-06T16:19:24Z">
          <reporter-output>
          </reporter-output>
        </test-method> <!-- driverInit -->
        <test-method status="PASS" signature="tilevalidation()[pri:0, instance:com.SeleniumLearning.Selenium@2b98378d]" name="tilevalidation" duration-ms="3895" started-at="2019-05-06T16:19:24Z" finished-at="2019-05-06T16:19:28Z">
          <reporter-output>
          </reporter-output>
        </test-method> <!-- tilevalidation -->
        <test-method status="PASS" signature="tearDown()[pri:0, instance:com.SeleniumLearning.Selenium@2b98378d]" name="tearDown" is-config="true" duration-ms="6171" started-at="2019-05-06T16:19:28Z" finished-at="2019-05-06T16:19:34Z">
          <reporter-output>
          </reporter-output>
        </test-method> <!-- tearDown -->
      </class> <!-- com.SeleniumLearning.Selenium -->
    </test> <!-- Default test -->
  </suite> <!-- Default suite -->
</testng-results>
